[debug] [2025-03-23T03:19:17.044Z] ----------------------------------------------------------------------
[debug] [2025-03-23T03:19:17.047Z] Command:       C:\Program Files\nodejs\node.exe C:\Users\Alexis\AppData\Roaming\npm\node_modules\firebase-tools\lib\bin\firebase.js init
[debug] [2025-03-23T03:19:17.047Z] CLI Version:   13.35.1
[debug] [2025-03-23T03:19:17.047Z] Platform:      win32
[debug] [2025-03-23T03:19:17.047Z] Node Version:  v22.14.0
[debug] [2025-03-23T03:19:17.047Z] Time:          Sun Mar 23 2025 11:19:17 GMT+0800 (Philippine Standard Time)
[debug] [2025-03-23T03:19:17.047Z] ----------------------------------------------------------------------
[debug] 
[debug] [2025-03-23T03:19:17.051Z] > command requires scopes: ["email","openid","https://www.googleapis.com/auth/cloudplatformprojects.readonly","https://www.googleapis.com/auth/firebase","https://www.googleapis.com/auth/cloud-platform"]
[debug] [2025-03-23T03:19:17.051Z] > authorizing via signed-in user (lexiiperdigon@gmail.com)
[info] 
     ######## #### ########  ######## ########     ###     ######  ########
     ##        ##  ##     ## ##       ##     ##  ##   ##  ##       ##
     ######    ##  ########  ######   ########  #########  ######  ######
     ##        ##  ##    ##  ##       ##     ## ##     ##       ## ##
     ##       #### ##     ## ######## ########  ##     ##  ######  ########

You're about to initialize a Firebase project in this directory:

  C:\Users\Shenilyn

Before we get started, keep in mind:

  * You are currently outside your home directory

[debug] [2025-03-23T04:12:53.271Z] ----------------------------------------------------------------------
[debug] [2025-03-23T04:12:53.273Z] Command:       C:\Program Files\nodejs\node.exe C:\Users\Alexis\AppData\Roaming\npm\node_modules\firebase-tools\lib\bin\firebase.js init firestore
[debug] [2025-03-23T04:12:53.273Z] CLI Version:   13.35.1
[debug] [2025-03-23T04:12:53.273Z] Platform:      win32
[debug] [2025-03-23T04:12:53.273Z] Node Version:  v20.9.0
[debug] [2025-03-23T04:12:53.273Z] Time:          Sun Mar 23 2025 12:12:53 GMT+0800 (Philippine Standard Time)
[debug] [2025-03-23T04:12:53.273Z] ----------------------------------------------------------------------
[debug] 
[debug] [2025-03-23T04:12:53.277Z] > command requires scopes: ["email","openid","https://www.googleapis.com/auth/cloudplatformprojects.readonly","https://www.googleapis.com/auth/firebase","https://www.googleapis.com/auth/cloud-platform"]
[debug] [2025-03-23T04:12:53.277Z] > authorizing via signed-in user (lexiiperdigon@gmail.com)
[info] 
     ######## #### ########  ######## ########     ###     ######  ########
     ##        ##  ##     ## ##       ##     ##  ##   ##  ##       ##
     ######    ##  ########  ######   ########  #########  ######  ######
     ##        ##  ##    ##  ##       ##     ## ##     ##       ## ##
     ##       #### ##     ## ######## ########  ##     ##  ######  ########

You're about to initialize a Firebase project in this directory:

  C:\Users\Shenilyn

Before we get started, keep in mind:

  * You are currently outside your home directory

[info] 
=== Project Setup
[info] 
[info] First, let's associate this project directory with a Firebase project.
[info] You can create multiple project aliases by running firebase use --add, 
[info] but for now we'll just set up a default project.
[info] 
